<?xml version="1.0" encoding="UTF-8"?>
<!-- Generated by org.testng.reporters.JUnitXMLReporter -->
<testsuite hostname="CO-IT006503" ignored="0" name="Default test" tests="3" failures="0" timestamp="23 abr 2020 01:45:30 GMT" time="106.869" errors="0">
  <testcase name="test1" time="13.946" classname="com.AutomationTalks.demoProject2.TestClass1"/>
  <testcase name="test2" time="8.574" classname="com.AutomationTalks.demoProject2.TestClass1"/>
  <testcase name="test3" time="28.459" classname="com.AutomationTalks.demoProject2.TestClass1"/>
</testsuite> <!-- Default test -->
