<?xml version="1.0" encoding="UTF-8"?>
<!-- Generated by org.testng.reporters.JUnitXMLReporter -->
<testsuite hostname="CO-IT006503" ignored="0" name="Default test" tests="3" failures="0" timestamp="16 abr 2020 18:33:01 GMT" time="34.757" errors="0">
  <testcase name="test1" time="6.146" classname="com.belatrix.test.TestClass1"/>
  <testcase name="test2" time="2.884" classname="com.belatrix.test.TestClass1"/>
  <testcase name="test3" time="3.531" classname="com.belatrix.test.TestClass1"/>
</testsuite> <!-- Default test -->
