<?xml version="1.0" encoding="UTF-8"?>
<!-- Generated by org.testng.reporters.JUnitXMLReporter -->
<testsuite hostname="CO-IT006503" ignored="0" name="Test" tests="3" failures="0" timestamp="16 abr 2020 18:41:52 GMT" time="29.645" errors="0">
  <testcase name="test1" time="4.656" classname="com.AutomationTalks.demoProject2.TestClass1"/>
  <testcase name="test2" time="2.116" classname="com.AutomationTalks.demoProject2.TestClass1"/>
  <testcase name="test3" time="2.659" classname="com.AutomationTalks.demoProject2.TestClass1"/>
</testsuite> <!-- Test -->
