<?xml version="1.0" encoding="UTF-8"?>
<testng-results skipped="0" failed="0" ignored="0" total="3" passed="3">
  <reporter-output>
  </reporter-output>
  <suite name="Default suite" duration-ms="106869" started-at="2020-04-23T01:43:44Z" finished-at="2020-04-23T01:45:30Z">
    <groups>
    </groups>
    <test name="Default test" duration-ms="106869" started-at="2020-04-23T01:43:44Z" finished-at="2020-04-23T01:45:30Z">
      <class name="com.AutomationTalks.demoProject2.TestClass1">
        <test-method status="PASS" signature="beforeClass()[pri:0, instance:com.AutomationTalks.demoProject2.TestClass1@35047d03]" name="beforeClass" is-config="true" duration-ms="16933" started-at="2020-04-23T01:43:44Z" finished-at="2020-04-23T01:44:01Z">
          <reporter-output>
          </reporter-output>
        </test-method> <!-- beforeClass -->
        <test-method status="PASS" signature="test1()[pri:0, instance:com.AutomationTalks.demoProject2.TestClass1@35047d03]" name="test1" duration-ms="13946" started-at="2020-04-23T01:44:01Z" finished-at="2020-04-23T01:44:15Z">
          <reporter-output>
          </reporter-output>
        </test-method> <!-- test1 -->
        <test-method status="PASS" signature="quit()[pri:0, instance:com.AutomationTalks.demoProject2.TestClass1@35047d03]" name="quit" is-config="true" duration-ms="1431" started-at="2020-04-23T01:44:15Z" finished-at="2020-04-23T01:44:16Z">
          <reporter-output>
          </reporter-output>
        </test-method> <!-- quit -->
        <test-method status="PASS" signature="beforeClass()[pri:0, instance:com.AutomationTalks.demoProject2.TestClass1@35047d03]" name="beforeClass" is-config="true" duration-ms="12070" started-at="2020-04-23T01:44:16Z" finished-at="2020-04-23T01:44:28Z">
          <reporter-output>
          </reporter-output>
        </test-method> <!-- beforeClass -->
        <test-method status="PASS" signature="test2()[pri:0, instance:com.AutomationTalks.demoProject2.TestClass1@35047d03]" name="test2" duration-ms="8574" started-at="2020-04-23T01:44:28Z" finished-at="2020-04-23T01:44:37Z">
          <reporter-output>
          </reporter-output>
        </test-method> <!-- test2 -->
        <test-method status="PASS" signature="quit()[pri:0, instance:com.AutomationTalks.demoProject2.TestClass1@35047d03]" name="quit" is-config="true" duration-ms="3704" started-at="2020-04-23T01:44:37Z" finished-at="2020-04-23T01:44:40Z">
          <reporter-output>
          </reporter-output>
        </test-method> <!-- quit -->
        <test-method status="PASS" signature="beforeClass()[pri:0, instance:com.AutomationTalks.demoProject2.TestClass1@35047d03]" name="beforeClass" is-config="true" duration-ms="18508" started-at="2020-04-23T01:44:40Z" finished-at="2020-04-23T01:44:59Z">
          <reporter-output>
          </reporter-output>
        </test-method> <!-- beforeClass -->
        <test-method status="PASS" signature="test3()[pri:0, instance:com.AutomationTalks.demoProject2.TestClass1@35047d03]" name="test3" duration-ms="28459" started-at="2020-04-23T01:44:59Z" finished-at="2020-04-23T01:45:27Z">
          <reporter-output>
          </reporter-output>
        </test-method> <!-- test3 -->
        <test-method status="PASS" signature="quit()[pri:0, instance:com.AutomationTalks.demoProject2.TestClass1@35047d03]" name="quit" is-config="true" duration-ms="3077" started-at="2020-04-23T01:45:27Z" finished-at="2020-04-23T01:45:30Z">
          <reporter-output>
          </reporter-output>
        </test-method> <!-- quit -->
        <test-method status="PASS" signature="afterClass()[pri:0, instance:com.AutomationTalks.demoProject2.TestClass1@35047d03]" name="afterClass" is-config="true" duration-ms="0" started-at="2020-04-23T01:45:30Z" finished-at="2020-04-23T01:45:30Z">
          <reporter-output>
          </reporter-output>
        </test-method> <!-- afterClass -->
      </class> <!-- com.AutomationTalks.demoProject2.TestClass1 -->
    </test> <!-- Default test -->
  </suite> <!-- Default suite -->
</testng-results>
